  WorldDataFactory.c
c:\users\jakob.mcfarland\documents\github\atlas-game\atlas_textadventure_game\textadventurevisualstudio\worlddatafactory.c(47): error C2220: warning treated as error - no 'object' file generated
c:\users\jakob.mcfarland\documents\github\atlas-game\atlas_textadventure_game\textadventurevisualstudio\worlddatafactory.c(47): warning C4189: 'Flooded': local variable is initialized but not referenced
  WorldData.c
  UseCommandHandler.c
  TakeCommandHandler.c
  stdafx.c
  RoomExit.c
  Room.c
  QuitCommandHandler.c
  LookCommandHandler.c
  ItemList.c
  Item.c
  InventoryCommandHandler.c
  InputProvider.c
  HelpCommandHandler.c
  GoldPieceFunctions.c
  GoCommandHandler.c
  GameStateFactory.c
  GameState.c
  GameFlags.c
  ExitDoorFunctions.c
  Generating Code...
  Compiling...
  EggFunctions.c
  DropCommandHandler.c
  CommandList.c
  CommandHandler.c
  BrickFunctions.c
  PlayerStateFactory.c
  PlayerState.c
c:\users\jakob.mcfarland\documents\github\atlas-game\atlas_textadventure_game\textadventurevisualstudio\playerstate.c(57): error C2220: warning treated as error - no 'object' file generated
c:\users\jakob.mcfarland\documents\github\atlas-game\atlas_textadventure_game\textadventurevisualstudio\playerstate.c(57): warning C4098: 'SetPlayerBreathe': 'void' function returning a value
  main.c
  CommandListFactory.c
  Generating Code...
